cl : command line warning D9035: option 'Gm' has been deprecated and will be removed in a future release
  main.cpp
  XOR3.cpp
  XOR2.cpp
  XNOR.cpp
  Switch.cpp
  OutputPin.cpp
  OR2.cpp
  NOR3.cpp
  NOR2.cpp
  NAND.cpp
  LED.cpp
  INVERTER.cpp
  Gate.cpp
  Connection.cpp
  Component.cpp
  Buffer.cpp
  AND3.cpp
  AND2.cpp
  ApplicationManager.cpp
  save.cpp
  Generating Code...
  Compiling...
  load.cpp
  edit.cpp
  Select.cpp
  Addswitch.cpp
  AddXORgate3.cpp
  AddXORgate2.cpp
  AddXNORgate.cpp
  AddORgate2.cpp
  AddNOTgate.cpp
  AddNORgate2.cpp
  AddNOR3.cpp
  AddNANDgate2.cpp
  AddLabel.cpp
  AddLED.cpp
  AddBuffer.cpp
  AddANDgate3.cpp
  AddANDgate2.cpp
  Generating Code...
AddANDgate2.obj : warning LNK4075: ignoring '/EDITANDCONTINUE' due to '/SAFESEH' specification
  graphics_prj.vcxproj -> C:\Users\mohammed saeed\Desktop\PT Project F2020 - Logic Sim - student\Project Code Framework\Debug\graphics_prj.exe
