c:\users\mohammed saeed\desktop\pt project f2020 - logic sim - student\project code framework\debug\graphics_prj.bsc
c:\users\mohammed saeed\desktop\pt project f2020 - logic sim - student\project code framework\debug\vc142.pdb
c:\users\mohammed saeed\desktop\pt project f2020 - logic sim - student\project code framework\debug\vc142.idb
c:\users\mohammed saeed\desktop\pt project f2020 - logic sim - student\project code framework\debug\main.sbr
c:\users\mohammed saeed\desktop\pt project f2020 - logic sim - student\project code framework\debug\output.sbr
c:\users\mohammed saeed\desktop\pt project f2020 - logic sim - student\project code framework\debug\input.sbr
c:\users\mohammed saeed\desktop\pt project f2020 - logic sim - student\project code framework\debug\applicationmanager.sbr
c:\users\mohammed saeed\desktop\pt project f2020 - logic sim - student\project code framework\debug\pin.sbr
c:\users\mohammed saeed\desktop\pt project f2020 - logic sim - student\project code framework\debug\outputpin.sbr
c:\users\mohammed saeed\desktop\pt project f2020 - logic sim - student\project code framework\debug\inputpin.sbr
c:\users\mohammed saeed\desktop\pt project f2020 - logic sim - student\project code framework\debug\gate.sbr
c:\users\mohammed saeed\desktop\pt project f2020 - logic sim - student\project code framework\debug\connection.sbr
c:\users\mohammed saeed\desktop\pt project f2020 - logic sim - student\project code framework\debug\component.sbr
c:\users\mohammed saeed\desktop\pt project f2020 - logic sim - student\project code framework\debug\and2.sbr
c:\users\mohammed saeed\desktop\pt project f2020 - logic sim - student\project code framework\debug\windowinput.sbr
c:\users\mohammed saeed\desktop\pt project f2020 - logic sim - student\project code framework\debug\mousequeue.sbr
c:\users\mohammed saeed\desktop\pt project f2020 - logic sim - student\project code framework\debug\keyqueue.sbr
c:\users\mohammed saeed\desktop\pt project f2020 - logic sim - student\project code framework\debug\image.sbr
c:\users\mohammed saeed\desktop\pt project f2020 - logic sim - student\project code framework\debug\cmugraphics.sbr
c:\users\mohammed saeed\desktop\pt project f2020 - logic sim - student\project code framework\debug\auxil.sbr
c:\users\mohammed saeed\desktop\pt project f2020 - logic sim - student\project code framework\debug\addandgate2.sbr
c:\users\mohammed saeed\desktop\pt project f2020 - logic sim - student\project code framework\debug\addandgate2.obj
c:\users\mohammed saeed\desktop\pt project f2020 - logic sim - student\project code framework\debug\auxil.obj
c:\users\mohammed saeed\desktop\pt project f2020 - logic sim - student\project code framework\debug\cmugraphics.obj
c:\users\mohammed saeed\desktop\pt project f2020 - logic sim - student\project code framework\debug\image.obj
c:\users\mohammed saeed\desktop\pt project f2020 - logic sim - student\project code framework\debug\keyqueue.obj
c:\users\mohammed saeed\desktop\pt project f2020 - logic sim - student\project code framework\debug\mousequeue.obj
c:\users\mohammed saeed\desktop\pt project f2020 - logic sim - student\project code framework\debug\windowinput.obj
c:\users\mohammed saeed\desktop\pt project f2020 - logic sim - student\project code framework\debug\and2.obj
c:\users\mohammed saeed\desktop\pt project f2020 - logic sim - student\project code framework\debug\component.obj
c:\users\mohammed saeed\desktop\pt project f2020 - logic sim - student\project code framework\debug\connection.obj
c:\users\mohammed saeed\desktop\pt project f2020 - logic sim - student\project code framework\debug\gate.obj
c:\users\mohammed saeed\desktop\pt project f2020 - logic sim - student\project code framework\debug\inputpin.obj
c:\users\mohammed saeed\desktop\pt project f2020 - logic sim - student\project code framework\debug\outputpin.obj
c:\users\mohammed saeed\desktop\pt project f2020 - logic sim - student\project code framework\debug\pin.obj
c:\users\mohammed saeed\desktop\pt project f2020 - logic sim - student\project code framework\debug\applicationmanager.obj
c:\users\mohammed saeed\desktop\pt project f2020 - logic sim - student\project code framework\debug\input.obj
c:\users\mohammed saeed\desktop\pt project f2020 - logic sim - student\project code framework\debug\output.obj
c:\users\mohammed saeed\desktop\pt project f2020 - logic sim - student\project code framework\debug\main.obj
c:\users\mohammed saeed\desktop\pt project f2020 - logic sim - student\project code framework\debug\jutils.sbr
c:\users\mohammed saeed\desktop\pt project f2020 - logic sim - student\project code framework\debug\jquant2.sbr
c:\users\mohammed saeed\desktop\pt project f2020 - logic sim - student\project code framework\debug\jquant1.sbr
c:\users\mohammed saeed\desktop\pt project f2020 - logic sim - student\project code framework\debug\jmemnobs.sbr
c:\users\mohammed saeed\desktop\pt project f2020 - logic sim - student\project code framework\debug\jmemmgr.sbr
c:\users\mohammed saeed\desktop\pt project f2020 - logic sim - student\project code framework\debug\jidctred.sbr
c:\users\mohammed saeed\desktop\pt project f2020 - logic sim - student\project code framework\debug\jidctint.sbr
c:\users\mohammed saeed\desktop\pt project f2020 - logic sim - student\project code framework\debug\jidctfst.sbr
c:\users\mohammed saeed\desktop\pt project f2020 - logic sim - student\project code framework\debug\jidctflt.sbr
c:\users\mohammed saeed\desktop\pt project f2020 - logic sim - student\project code framework\debug\jerror.sbr
c:\users\mohammed saeed\desktop\pt project f2020 - logic sim - student\project code framework\debug\jdtrans.sbr
c:\users\mohammed saeed\desktop\pt project f2020 - logic sim - student\project code framework\debug\jdsample.sbr
c:\users\mohammed saeed\desktop\pt project f2020 - logic sim - student\project code framework\debug\jdpostct.sbr
c:\users\mohammed saeed\desktop\pt project f2020 - logic sim - student\project code framework\debug\jdphuff.sbr
c:\users\mohammed saeed\desktop\pt project f2020 - logic sim - student\project code framework\debug\jdmerge.sbr
c:\users\mohammed saeed\desktop\pt project f2020 - logic sim - student\project code framework\debug\jdmaster.sbr
c:\users\mohammed saeed\desktop\pt project f2020 - logic sim - student\project code framework\debug\jdmarker.sbr
c:\users\mohammed saeed\desktop\pt project f2020 - logic sim - student\project code framework\debug\jdmainct.sbr
c:\users\mohammed saeed\desktop\pt project f2020 - logic sim - student\project code framework\debug\jdinput.sbr
c:\users\mohammed saeed\desktop\pt project f2020 - logic sim - student\project code framework\debug\jdhuff.sbr
c:\users\mohammed saeed\desktop\pt project f2020 - logic sim - student\project code framework\debug\jdhuff.obj
c:\users\mohammed saeed\desktop\pt project f2020 - logic sim - student\project code framework\debug\jdinput.obj
c:\users\mohammed saeed\desktop\pt project f2020 - logic sim - student\project code framework\debug\jdmainct.obj
c:\users\mohammed saeed\desktop\pt project f2020 - logic sim - student\project code framework\debug\jdmarker.obj
c:\users\mohammed saeed\desktop\pt project f2020 - logic sim - student\project code framework\debug\jdmaster.obj
c:\users\mohammed saeed\desktop\pt project f2020 - logic sim - student\project code framework\debug\jdmerge.obj
c:\users\mohammed saeed\desktop\pt project f2020 - logic sim - student\project code framework\debug\jdphuff.obj
c:\users\mohammed saeed\desktop\pt project f2020 - logic sim - student\project code framework\debug\jdpostct.obj
c:\users\mohammed saeed\desktop\pt project f2020 - logic sim - student\project code framework\debug\jdsample.obj
c:\users\mohammed saeed\desktop\pt project f2020 - logic sim - student\project code framework\debug\jdtrans.obj
c:\users\mohammed saeed\desktop\pt project f2020 - logic sim - student\project code framework\debug\jerror.obj
c:\users\mohammed saeed\desktop\pt project f2020 - logic sim - student\project code framework\debug\jidctflt.obj
c:\users\mohammed saeed\desktop\pt project f2020 - logic sim - student\project code framework\debug\jidctfst.obj
c:\users\mohammed saeed\desktop\pt project f2020 - logic sim - student\project code framework\debug\jidctint.obj
c:\users\mohammed saeed\desktop\pt project f2020 - logic sim - student\project code framework\debug\jidctred.obj
c:\users\mohammed saeed\desktop\pt project f2020 - logic sim - student\project code framework\debug\jmemmgr.obj
c:\users\mohammed saeed\desktop\pt project f2020 - logic sim - student\project code framework\debug\jmemnobs.obj
c:\users\mohammed saeed\desktop\pt project f2020 - logic sim - student\project code framework\debug\jquant1.obj
c:\users\mohammed saeed\desktop\pt project f2020 - logic sim - student\project code framework\debug\jquant2.obj
c:\users\mohammed saeed\desktop\pt project f2020 - logic sim - student\project code framework\debug\jutils.obj
c:\users\mohammed saeed\desktop\pt project f2020 - logic sim - student\project code framework\debug\jddctmgr.sbr
c:\users\mohammed saeed\desktop\pt project f2020 - logic sim - student\project code framework\debug\jdcolor.sbr
c:\users\mohammed saeed\desktop\pt project f2020 - logic sim - student\project code framework\debug\jdcoefct.sbr
c:\users\mohammed saeed\desktop\pt project f2020 - logic sim - student\project code framework\debug\jdatasrc.sbr
c:\users\mohammed saeed\desktop\pt project f2020 - logic sim - student\project code framework\debug\jdapistd.sbr
c:\users\mohammed saeed\desktop\pt project f2020 - logic sim - student\project code framework\debug\jdapimin.sbr
c:\users\mohammed saeed\desktop\pt project f2020 - logic sim - student\project code framework\debug\jcparam.sbr
c:\users\mohammed saeed\desktop\pt project f2020 - logic sim - student\project code framework\debug\jcomapi.sbr
c:\users\mohammed saeed\desktop\pt project f2020 - logic sim - student\project code framework\debug\jpegload.sbr
c:\users\mohammed saeed\desktop\pt project f2020 - logic sim - student\project code framework\debug\jpegload.obj
c:\users\mohammed saeed\desktop\pt project f2020 - logic sim - student\project code framework\debug\jcomapi.obj
c:\users\mohammed saeed\desktop\pt project f2020 - logic sim - student\project code framework\debug\jcparam.obj
c:\users\mohammed saeed\desktop\pt project f2020 - logic sim - student\project code framework\debug\jdapimin.obj
c:\users\mohammed saeed\desktop\pt project f2020 - logic sim - student\project code framework\debug\jdapistd.obj
c:\users\mohammed saeed\desktop\pt project f2020 - logic sim - student\project code framework\debug\jdatasrc.obj
c:\users\mohammed saeed\desktop\pt project f2020 - logic sim - student\project code framework\debug\jdcoefct.obj
c:\users\mohammed saeed\desktop\pt project f2020 - logic sim - student\project code framework\debug\jdcolor.obj
c:\users\mohammed saeed\desktop\pt project f2020 - logic sim - student\project code framework\debug\jddctmgr.obj
c:\users\mohammed saeed\desktop\pt project f2020 - logic sim - student\project code framework\debug\nor3.sbr
c:\users\mohammed saeed\desktop\pt project f2020 - logic sim - student\project code framework\debug\led.sbr
c:\users\mohammed saeed\desktop\pt project f2020 - logic sim - student\project code framework\debug\buffer.sbr
c:\users\mohammed saeed\desktop\pt project f2020 - logic sim - student\project code framework\debug\buffer.obj
c:\users\mohammed saeed\desktop\pt project f2020 - logic sim - student\project code framework\debug\led.obj
c:\users\mohammed saeed\desktop\pt project f2020 - logic sim - student\project code framework\debug\nor3.obj
c:\users\mohammed saeed\desktop\pt project f2020 - logic sim - student\project code framework\debug\addnor3.sbr
c:\users\mohammed saeed\desktop\pt project f2020 - logic sim - student\project code framework\debug\addled.sbr
c:\users\mohammed saeed\desktop\pt project f2020 - logic sim - student\project code framework\debug\addbuffer.sbr
c:\users\mohammed saeed\desktop\pt project f2020 - logic sim - student\project code framework\debug\addbuffer.obj
c:\users\mohammed saeed\desktop\pt project f2020 - logic sim - student\project code framework\debug\addled.obj
c:\users\mohammed saeed\desktop\pt project f2020 - logic sim - student\project code framework\debug\addnor3.obj
c:\users\mohammed saeed\desktop\pt project f2020 - logic sim - student\project code framework\debug\xor3.sbr
c:\users\mohammed saeed\desktop\pt project f2020 - logic sim - student\project code framework\debug\xor2.sbr
c:\users\mohammed saeed\desktop\pt project f2020 - logic sim - student\project code framework\debug\addxorgate3.sbr
c:\users\mohammed saeed\desktop\pt project f2020 - logic sim - student\project code framework\debug\addxorgate2.sbr
c:\users\mohammed saeed\desktop\pt project f2020 - logic sim - student\project code framework\debug\addxorgate2.obj
c:\users\mohammed saeed\desktop\pt project f2020 - logic sim - student\project code framework\debug\addxorgate3.obj
c:\users\mohammed saeed\desktop\pt project f2020 - logic sim - student\project code framework\debug\xor2.obj
c:\users\mohammed saeed\desktop\pt project f2020 - logic sim - student\project code framework\debug\xor3.obj
c:\users\mohammed saeed\desktop\pt project f2020 - logic sim - student\project code framework\debug\or2.sbr
c:\users\mohammed saeed\desktop\pt project f2020 - logic sim - student\project code framework\debug\nor2.sbr
c:\users\mohammed saeed\desktop\pt project f2020 - logic sim - student\project code framework\debug\and3.sbr
c:\users\mohammed saeed\desktop\pt project f2020 - logic sim - student\project code framework\debug\addorgate2.sbr
c:\users\mohammed saeed\desktop\pt project f2020 - logic sim - student\project code framework\debug\addnorgate2.sbr
c:\users\mohammed saeed\desktop\pt project f2020 - logic sim - student\project code framework\debug\addandgate3.sbr
c:\users\mohammed saeed\desktop\pt project f2020 - logic sim - student\project code framework\debug\addandgate3.obj
c:\users\mohammed saeed\desktop\pt project f2020 - logic sim - student\project code framework\debug\addnorgate2.obj
c:\users\mohammed saeed\desktop\pt project f2020 - logic sim - student\project code framework\debug\addorgate2.obj
c:\users\mohammed saeed\desktop\pt project f2020 - logic sim - student\project code framework\debug\and3.obj
c:\users\mohammed saeed\desktop\pt project f2020 - logic sim - student\project code framework\debug\nor2.obj
c:\users\mohammed saeed\desktop\pt project f2020 - logic sim - student\project code framework\debug\or2.obj
c:\users\mohammed saeed\desktop\pt project f2020 - logic sim - student\project code framework\debug\nand.sbr
c:\users\mohammed saeed\desktop\pt project f2020 - logic sim - student\project code framework\debug\addnandgate2.sbr
c:\users\mohammed saeed\desktop\pt project f2020 - logic sim - student\project code framework\debug\addnandgate2.obj
c:\users\mohammed saeed\desktop\pt project f2020 - logic sim - student\project code framework\debug\xnor.sbr
c:\users\mohammed saeed\desktop\pt project f2020 - logic sim - student\project code framework\debug\inverter.sbr
c:\users\mohammed saeed\desktop\pt project f2020 - logic sim - student\project code framework\debug\inverter.obj
c:\users\mohammed saeed\desktop\pt project f2020 - logic sim - student\project code framework\debug\addxnorgate.sbr
c:\users\mohammed saeed\desktop\pt project f2020 - logic sim - student\project code framework\debug\addnotgate.sbr
c:\users\mohammed saeed\desktop\pt project f2020 - logic sim - student\project code framework\debug\addxnorgate.obj
c:\users\mohammed saeed\desktop\pt project f2020 - logic sim - student\project code framework\debug\xnor.obj
c:\users\mohammed saeed\desktop\pt project f2020 - logic sim - student\project code framework\debug\addnotgate.obj
c:\users\mohammed saeed\desktop\pt project f2020 - logic sim - student\project code framework\debug\nand.obj
c:\users\mohammed saeed\desktop\pt project f2020 - logic sim - student\project code framework\debug\select.sbr
c:\users\mohammed saeed\desktop\pt project f2020 - logic sim - student\project code framework\debug\select.obj
c:\users\mohammed saeed\desktop\pt project f2020 - logic sim - student\project code framework\debug\switch.sbr
c:\users\mohammed saeed\desktop\pt project f2020 - logic sim - student\project code framework\debug\addswitch.sbr
c:\users\mohammed saeed\desktop\pt project f2020 - logic sim - student\project code framework\debug\addswitch.obj
c:\users\mohammed saeed\desktop\pt project f2020 - logic sim - student\project code framework\debug\switch.obj
c:\users\mohammed saeed\desktop\pt project f2020 - logic sim - student\project code framework\debug\addlabel.sbr
c:\users\mohammed saeed\desktop\pt project f2020 - logic sim - student\project code framework\debug\simulate.sbr
c:\users\mohammed saeed\desktop\pt project f2020 - logic sim - student\project code framework\debug\addlabel.obj
c:\users\mohammed saeed\desktop\pt project f2020 - logic sim - student\project code framework\debug\undoaction.sbr
c:\users\mohammed saeed\desktop\pt project f2020 - logic sim - student\project code framework\debug\simulate.obj
c:\users\mohammed saeed\desktop\pt project f2020 - logic sim - student\project code framework\debug\save.sbr
c:\users\mohammed saeed\desktop\pt project f2020 - logic sim - student\project code framework\debug\load.sbr
c:\users\mohammed saeed\desktop\pt project f2020 - logic sim - student\project code framework\debug\edit.sbr
c:\users\mohammed saeed\desktop\pt project f2020 - logic sim - student\project code framework\debug\save.obj
c:\users\mohammed saeed\desktop\pt project f2020 - logic sim - student\project code framework\debug\edit.obj
c:\users\mohammed saeed\desktop\pt project f2020 - logic sim - student\project code framework\debug\load.obj
c:\users\mohammed saeed\desktop\pt project f2020 - logic sim - student\project code framework\debug\addconection.sbr
c:\users\mohammed saeed\desktop\pt project f2020 - logic sim - student\project code framework\debug\addconection.obj
c:\users\mohammed saeed\desktop\pt project f2020 - logic sim - student\project code framework\debug\graphics_prj.exe
c:\users\mohammed saeed\desktop\pt project f2020 - logic sim - student\project code framework\debug\graphics_prj.ilk
c:\users\mohammed saeed\desktop\pt project f2020 - logic sim - student\project code framework\debug\graphics_prj.pdb
c:\users\mohammed saeed\desktop\pt project f2020 - logic sim - student\project code framework\debug\graphics_prj.tlog\bscmake.command.1.tlog
c:\users\mohammed saeed\desktop\pt project f2020 - logic sim - student\project code framework\debug\graphics_prj.tlog\bscmake.read.1.tlog
c:\users\mohammed saeed\desktop\pt project f2020 - logic sim - student\project code framework\debug\graphics_prj.tlog\bscmake.write.1.tlog
c:\users\mohammed saeed\desktop\pt project f2020 - logic sim - student\project code framework\debug\graphics_prj.tlog\cl.command.1.tlog
c:\users\mohammed saeed\desktop\pt project f2020 - logic sim - student\project code framework\debug\graphics_prj.tlog\cl.read.1.tlog
c:\users\mohammed saeed\desktop\pt project f2020 - logic sim - student\project code framework\debug\graphics_prj.tlog\cl.write.1.tlog
c:\users\mohammed saeed\desktop\pt project f2020 - logic sim - student\project code framework\debug\graphics_prj.tlog\link.command.1.tlog
c:\users\mohammed saeed\desktop\pt project f2020 - logic sim - student\project code framework\debug\graphics_prj.tlog\link.read.1.tlog
c:\users\mohammed saeed\desktop\pt project f2020 - logic sim - student\project code framework\debug\graphics_prj.tlog\link.write.1.tlog
